<?xml version="1.0" encoding="UTF-8"?>
<testsuite name="todoApplication.CsvFileReaderTest" tests="4" skipped="0" failures="0" errors="0" timestamp="2022-04-26T02:11:35" hostname="Yuns-MacBook-Pro.local" time="0.03">
  <properties/>
  <testcase name="testHashCode()" classname="todoApplication.CsvFileReaderTest" time="0.012"/>
  <testcase name="readCsv()" classname="todoApplication.CsvFileReaderTest" time="0.012"/>
  <testcase name="testEquals()" classname="todoApplication.CsvFileReaderTest" time="0.0"/>
  <testcase name="getCsvFilePath()" classname="todoApplication.CsvFileReaderTest" time="0.0"/>
  <system-out><![CDATA[]]></system-out>
  <system-err><![CDATA[]]></system-err>
</testsuite>
