<?xml version="1.0" encoding="UTF-8"?>
<testsuite name="todoApplication.TodoListControllerTest" tests="3" skipped="0" failures="0" errors="0" timestamp="2022-04-26T02:11:35" hostname="Yuns-MacBook-Pro.local" time="0.045">
  <properties/>
  <testcase name="addNewTodo()" classname="todoApplication.TodoListControllerTest" time="0.018"/>
  <testcase name="updateView()" classname="todoApplication.TodoListControllerTest" time="0.011"/>
  <testcase name="completeTodoIds()" classname="todoApplication.TodoListControllerTest" time="0.007"/>
  <system-out><![CDATA[]]></system-out>
  <system-err><![CDATA[]]></system-err>
</testsuite>
