<?xml version="1.0" encoding="UTF-8"?>
<testsuite name="todoApplication.TodoTest" tests="8" skipped="0" failures="0" errors="0" timestamp="2022-04-26T02:11:35" hostname="Yuns-MacBook-Pro.local" time="0.022">
  <properties/>
  <testcase name="getCompleted()" classname="todoApplication.TodoTest" time="0.0"/>
  <testcase name="getDueDate()" classname="todoApplication.TodoTest" time="0.001"/>
  <testcase name="testToString()" classname="todoApplication.TodoTest" time="0.002"/>
  <testcase name="getPriorityNum()" classname="todoApplication.TodoTest" time="0.001"/>
  <testcase name="getId()" classname="todoApplication.TodoTest" time="0.001"/>
  <testcase name="setCompleted()" classname="todoApplication.TodoTest" time="0.003"/>
  <testcase name="getTodoText()" classname="todoApplication.TodoTest" time="0.0"/>
  <testcase name="getCategory()" classname="todoApplication.TodoTest" time="0.002"/>
  <system-out><![CDATA[]]></system-out>
  <system-err><![CDATA[]]></system-err>
</testsuite>
