<?xml version="1.0" encoding="UTF-8"?>
<testsuite name="todoApplication.CsvFileWriterTest" tests="2" skipped="0" failures="0" errors="0" timestamp="2022-04-26T02:11:35" hostname="Yuns-MacBook-Pro.local" time="0.003">
  <properties/>
  <testcase name="writeTodo()" classname="todoApplication.CsvFileWriterTest" time="0.002"/>
  <testcase name="getCsvFilePath()" classname="todoApplication.CsvFileWriterTest" time="0.001"/>
  <system-out><![CDATA[]]></system-out>
  <system-err><![CDATA[]]></system-err>
</testsuite>
