<?xml version="1.0" encoding="UTF-8"?>
<testsuite name="todoApplication.TodoListTest" tests="3" skipped="0" failures="0" errors="0" timestamp="2022-04-26T02:11:35" hostname="Yuns-MacBook-Pro.local" time="0.014">
  <properties/>
  <testcase name="addNewTodo()" classname="todoApplication.TodoListTest" time="0.004"/>
  <testcase name="completeTodoIds()" classname="todoApplication.TodoListTest" time="0.006"/>
  <testcase name="getTodos()" classname="todoApplication.TodoListTest" time="0.002"/>
  <system-out><![CDATA[]]></system-out>
  <system-err><![CDATA[]]></system-err>
</testsuite>
