<?xml version="1.0" encoding="UTF-8"?>
<testsuite name="todoApplication.TodoListViewerTest" tests="1" skipped="0" failures="0" errors="0" timestamp="2022-04-26T02:11:35" hostname="Yuns-MacBook-Pro.local" time="0.116">
  <properties/>
  <testcase name="display()" classname="todoApplication.TodoListViewerTest" time="0.116"/>
  <system-out><![CDATA[]]></system-out>
  <system-err><![CDATA[]]></system-err>
</testsuite>
